2024/06/29 12:20:35 [notice] 1#1: using the "epoll" event method
2024/06/29 12:20:35 [notice] 1#1: nginx/1.27.0
2024/06/29 12:20:35 [notice] 1#1: built by gcc 13.2.1 20231014 (Alpine 13.2.1_git20231014) 
2024/06/29 12:20:35 [notice] 1#1: OS: Linux 6.5.0-1024-oem
2024/06/29 12:20:35 [notice] 1#1: getrlimit(RLIMIT_NOFILE): 1048576:1048576
2024/06/29 12:20:35 [notice] 1#1: start worker processes
2024/06/29 12:20:35 [notice] 1#1: start worker process 20
2024/06/29 12:20:35 [notice] 1#1: start worker process 21
2024/06/29 12:20:35 [notice] 1#1: start worker process 22
2024/06/29 12:20:35 [notice] 1#1: start worker process 23
2024/06/29 12:20:35 [notice] 1#1: start worker process 24
2024/06/29 12:20:35 [notice] 1#1: start worker process 25
2024/06/29 12:20:35 [notice] 1#1: start worker process 26
2024/06/29 12:20:35 [notice] 1#1: start worker process 27
2024/06/30 10:17:33 [error] 25#25: *12 connect() failed (113: Host is unreachable) while connecting to upstream, client: 172.20.0.1, server: , request: "GET / HTTP/1.1", upstream: "fastcgi://172.20.0.3:9000", host: "localhost"
2024/06/30 10:19:21 [notice] 1#1: signal 3 (SIGQUIT) received, shutting down
2024/06/30 10:19:21 [notice] 20#20: gracefully shutting down
2024/06/30 10:19:21 [notice] 22#22: gracefully shutting down
2024/06/30 10:19:21 [notice] 21#21: gracefully shutting down
2024/06/30 10:19:21 [notice] 20#20: exiting
2024/06/30 10:19:21 [notice] 24#24: gracefully shutting down
2024/06/30 10:19:21 [notice] 23#23: gracefully shutting down
2024/06/30 10:19:21 [notice] 22#22: exiting
2024/06/30 10:19:21 [notice] 21#21: exiting
2024/06/30 10:19:21 [notice] 25#25: gracefully shutting down
2024/06/30 10:19:21 [notice] 24#24: exiting
2024/06/30 10:19:21 [notice] 23#23: exiting
2024/06/30 10:19:21 [notice] 25#25: exiting
2024/06/30 10:19:21 [notice] 21#21: exit
2024/06/30 10:19:21 [notice] 20#20: exit
2024/06/30 10:19:21 [notice] 22#22: exit
2024/06/30 10:19:21 [notice] 24#24: exit
2024/06/30 10:19:21 [notice] 23#23: exit
2024/06/30 10:19:21 [notice] 25#25: exit
2024/06/30 10:19:21 [notice] 27#27: gracefully shutting down
2024/06/30 10:19:21 [notice] 27#27: exiting
2024/06/30 10:19:21 [notice] 26#26: gracefully shutting down
2024/06/30 10:19:21 [notice] 26#26: exiting
2024/06/30 10:19:21 [notice] 27#27: exit
2024/06/30 10:19:21 [notice] 26#26: exit
2024/06/30 10:19:21 [notice] 1#1: signal 17 (SIGCHLD) received from 21
2024/06/30 10:19:21 [notice] 1#1: worker process 20 exited with code 0
2024/06/30 10:19:21 [notice] 1#1: worker process 21 exited with code 0
2024/06/30 10:19:21 [notice] 1#1: worker process 23 exited with code 0
2024/06/30 10:19:21 [notice] 1#1: signal 29 (SIGIO) received
2024/06/30 10:19:21 [notice] 1#1: signal 17 (SIGCHLD) received from 23
2024/06/30 10:19:21 [notice] 1#1: signal 17 (SIGCHLD) received from 22
2024/06/30 10:19:21 [notice] 1#1: worker process 22 exited with code 0
2024/06/30 10:19:21 [notice] 1#1: signal 29 (SIGIO) received
2024/06/30 10:19:21 [notice] 1#1: signal 17 (SIGCHLD) received from 26
2024/06/30 10:19:21 [notice] 1#1: worker process 24 exited with code 0
2024/06/30 10:19:21 [notice] 1#1: worker process 26 exited with code 0
2024/06/30 10:19:21 [notice] 1#1: signal 29 (SIGIO) received
2024/06/30 10:19:21 [notice] 1#1: signal 17 (SIGCHLD) received from 25
2024/06/30 10:19:21 [notice] 1#1: worker process 25 exited with code 0
2024/06/30 10:19:21 [notice] 1#1: signal 29 (SIGIO) received
2024/06/30 10:19:21 [notice] 1#1: signal 17 (SIGCHLD) received from 27
2024/06/30 10:19:21 [notice] 1#1: worker process 27 exited with code 0
2024/06/30 10:19:21 [notice] 1#1: exit
2024/06/30 10:19:41 [emerg] 1#1: host not found in upstream "app" in /etc/nginx/conf.d/app.conf:10
2024/06/30 10:19:47 [emerg] 1#1: host not found in upstream "app" in /etc/nginx/conf.d/app.conf:10
2024/06/30 10:19:53 [emerg] 1#1: host not found in upstream "app" in /etc/nginx/conf.d/app.conf:10
2024/06/30 10:19:59 [emerg] 1#1: host not found in upstream "app" in /etc/nginx/conf.d/app.conf:10
2024/06/30 10:20:05 [emerg] 1#1: host not found in upstream "app" in /etc/nginx/conf.d/app.conf:10
2024/06/30 10:20:12 [emerg] 1#1: host not found in upstream "app" in /etc/nginx/conf.d/app.conf:10
2024/06/30 10:20:21 [emerg] 1#1: host not found in upstream "app" in /etc/nginx/conf.d/app.conf:10
2024/06/30 10:20:33 [emerg] 1#1: host not found in upstream "app" in /etc/nginx/conf.d/app.conf:10
2024/06/30 10:20:51 [emerg] 1#1: host not found in upstream "app" in /etc/nginx/conf.d/app.conf:10
2024/06/30 10:21:22 [emerg] 1#1: host not found in upstream "app" in /etc/nginx/conf.d/app.conf:10
2024/06/30 10:22:19 [notice] 1#1: using the "epoll" event method
2024/06/30 10:22:19 [notice] 1#1: nginx/1.27.0
2024/06/30 10:22:19 [notice] 1#1: built by gcc 13.2.1 20231014 (Alpine 13.2.1_git20231014) 
2024/06/30 10:22:19 [notice] 1#1: OS: Linux 6.5.0-1024-oem
2024/06/30 10:22:19 [notice] 1#1: getrlimit(RLIMIT_NOFILE): 1048576:1048576
2024/06/30 10:22:19 [notice] 1#1: start worker processes
2024/06/30 10:22:19 [notice] 1#1: start worker process 20
2024/06/30 10:22:19 [notice] 1#1: start worker process 21
2024/06/30 10:22:19 [notice] 1#1: start worker process 22
2024/06/30 10:22:19 [notice] 1#1: start worker process 23
2024/06/30 10:22:19 [notice] 1#1: start worker process 24
2024/06/30 10:22:19 [notice] 1#1: start worker process 25
2024/06/30 10:22:19 [notice] 1#1: start worker process 26
2024/06/30 10:22:19 [notice] 1#1: start worker process 27
2024/06/30 16:35:51 [notice] 1#1: signal 3 (SIGQUIT) received, shutting down
2024/06/30 16:35:51 [notice] 21#21: gracefully shutting down
2024/06/30 16:35:51 [notice] 21#21: exiting
2024/06/30 16:35:51 [notice] 20#20: gracefully shutting down
2024/06/30 16:35:51 [notice] 20#20: exiting
2024/06/30 16:35:51 [notice] 21#21: exit
2024/06/30 16:35:51 [notice] 20#20: exit
2024/06/30 16:35:51 [notice] 22#22: gracefully shutting down
2024/06/30 16:35:51 [notice] 27#27: gracefully shutting down
2024/06/30 16:35:51 [notice] 22#22: exiting
2024/06/30 16:35:51 [notice] 27#27: exiting
2024/06/30 16:35:51 [notice] 22#22: exit
2024/06/30 16:35:51 [notice] 27#27: exit
2024/06/30 16:35:51 [notice] 23#23: gracefully shutting down
2024/06/30 16:35:51 [notice] 23#23: exiting
2024/06/30 16:35:51 [notice] 24#24: gracefully shutting down
2024/06/30 16:35:51 [notice] 24#24: exiting
2024/06/30 16:35:51 [notice] 23#23: exit
2024/06/30 16:35:51 [notice] 24#24: exit
2024/06/30 16:35:51 [notice] 25#25: gracefully shutting down
2024/06/30 16:35:51 [notice] 25#25: exiting
2024/06/30 16:35:51 [notice] 25#25: exit
2024/06/30 16:35:51 [notice] 26#26: gracefully shutting down
2024/06/30 16:35:51 [notice] 1#1: signal 17 (SIGCHLD) received from 21
2024/06/30 16:35:51 [notice] 1#1: worker process 21 exited with code 0
2024/06/30 16:35:51 [notice] 1#1: worker process 22 exited with code 0
2024/06/30 16:35:51 [notice] 1#1: worker process 23 exited with code 0
2024/06/30 16:35:51 [notice] 1#1: worker process 25 exited with code 0
2024/06/30 16:35:51 [notice] 1#1: signal 29 (SIGIO) received
2024/06/30 16:35:51 [notice] 1#1: signal 17 (SIGCHLD) received from 25
2024/06/30 16:35:51 [notice] 1#1: signal 17 (SIGCHLD) received from 24
2024/06/30 16:35:51 [notice] 1#1: worker process 20 exited with code 0
2024/06/30 16:35:51 [notice] 1#1: worker process 24 exited with code 0
2024/06/30 16:35:51 [notice] 1#1: signal 29 (SIGIO) received
2024/06/30 16:35:51 [notice] 1#1: signal 17 (SIGCHLD) received from 27
2024/06/30 16:35:51 [notice] 1#1: worker process 27 exited with code 0
2024/06/30 16:35:51 [notice] 1#1: signal 29 (SIGIO) received
2024/06/30 16:35:51 [notice] 26#26: exiting
2024/06/30 16:35:51 [notice] 26#26: exit
2024/06/30 16:35:51 [notice] 1#1: signal 17 (SIGCHLD) received from 26
2024/06/30 16:35:51 [notice] 1#1: worker process 26 exited with code 0
2024/06/30 16:35:51 [notice] 1#1: exit
2024/06/30 16:35:56 [notice] 1#1: using the "epoll" event method
2024/06/30 16:35:56 [notice] 1#1: nginx/1.27.0
2024/06/30 16:35:56 [notice] 1#1: built by gcc 13.2.1 20231014 (Alpine 13.2.1_git20231014) 
2024/06/30 16:35:56 [notice] 1#1: OS: Linux 6.5.0-1024-oem
2024/06/30 16:35:56 [notice] 1#1: getrlimit(RLIMIT_NOFILE): 1048576:1048576
2024/06/30 16:35:56 [notice] 1#1: start worker processes
2024/06/30 16:35:56 [notice] 1#1: start worker process 20
2024/06/30 16:35:56 [notice] 1#1: start worker process 21
2024/06/30 16:35:56 [notice] 1#1: start worker process 22
2024/06/30 16:35:56 [notice] 1#1: start worker process 23
2024/06/30 16:35:56 [notice] 1#1: start worker process 24
2024/06/30 16:35:56 [notice] 1#1: start worker process 25
2024/06/30 16:35:56 [notice] 1#1: start worker process 26
2024/06/30 16:35:56 [notice] 1#1: start worker process 27
2024/06/30 16:36:58 [notice] 1#1: signal 3 (SIGQUIT) received, shutting down
2024/06/30 16:36:58 [notice] 20#20: gracefully shutting down
2024/06/30 16:36:58 [notice] 22#22: gracefully shutting down
2024/06/30 16:36:58 [notice] 23#23: gracefully shutting down
2024/06/30 16:36:58 [notice] 22#22: exiting
2024/06/30 16:36:58 [notice] 23#23: exiting
2024/06/30 16:36:58 [notice] 22#22: exit
2024/06/30 16:36:58 [notice] 23#23: exit
2024/06/30 16:36:58 [notice] 21#21: gracefully shutting down
2024/06/30 16:36:58 [notice] 21#21: exiting
2024/06/30 16:36:58 [notice] 24#24: gracefully shutting down
2024/06/30 16:36:58 [notice] 24#24: exiting
2024/06/30 16:36:58 [notice] 21#21: exit
2024/06/30 16:36:58 [notice] 24#24: exit
2024/06/30 16:36:58 [notice] 26#26: gracefully shutting down
2024/06/30 16:36:58 [notice] 27#27: gracefully shutting down
2024/06/30 16:36:58 [notice] 26#26: exiting
2024/06/30 16:36:58 [notice] 27#27: exiting
2024/06/30 16:36:58 [notice] 26#26: exit
2024/06/30 16:36:58 [notice] 27#27: exit
2024/06/30 16:36:58 [notice] 25#25: gracefully shutting down
2024/06/30 16:36:58 [notice] 25#25: exiting
2024/06/30 16:36:58 [notice] 25#25: exit
2024/06/30 16:36:58 [notice] 1#1: signal 17 (SIGCHLD) received from 21
2024/06/30 16:36:58 [notice] 1#1: worker process 21 exited with code 0
2024/06/30 16:36:58 [notice] 1#1: signal 29 (SIGIO) received
2024/06/30 16:36:58 [notice] 1#1: signal 17 (SIGCHLD) received from 24
2024/06/30 16:36:58 [notice] 1#1: worker process 24 exited with code 0
2024/06/30 16:36:58 [notice] 1#1: signal 29 (SIGIO) received
2024/06/30 16:36:58 [notice] 1#1: signal 17 (SIGCHLD) received from 26
2024/06/30 16:36:58 [notice] 1#1: worker process 22 exited with code 0
2024/06/30 16:36:58 [notice] 1#1: worker process 26 exited with code 0
2024/06/30 16:36:58 [notice] 1#1: signal 29 (SIGIO) received
2024/06/30 16:36:58 [notice] 1#1: signal 17 (SIGCHLD) received from 25
2024/06/30 16:36:58 [notice] 1#1: worker process 25 exited with code 0
2024/06/30 16:36:58 [notice] 1#1: signal 29 (SIGIO) received
2024/06/30 16:36:58 [notice] 1#1: signal 17 (SIGCHLD) received from 23
2024/06/30 16:36:58 [notice] 1#1: worker process 23 exited with code 0
2024/06/30 16:36:58 [notice] 1#1: worker process 27 exited with code 0
2024/06/30 16:36:58 [notice] 1#1: signal 29 (SIGIO) received
2024/06/30 16:36:58 [notice] 1#1: signal 17 (SIGCHLD) received from 27
2024/06/30 16:36:58 [notice] 20#20: exiting
2024/06/30 16:36:58 [notice] 20#20: exit
2024/06/30 16:36:58 [notice] 1#1: signal 17 (SIGCHLD) received from 20
2024/06/30 16:36:58 [notice] 1#1: worker process 20 exited with code 0
2024/06/30 16:36:58 [notice] 1#1: exit
2024/06/30 16:42:50 [notice] 1#1: using the "epoll" event method
2024/06/30 16:42:50 [notice] 1#1: nginx/1.27.0
2024/06/30 16:42:50 [notice] 1#1: built by gcc 13.2.1 20231014 (Alpine 13.2.1_git20231014) 
2024/06/30 16:42:50 [notice] 1#1: OS: Linux 6.5.0-1024-oem
2024/06/30 16:42:50 [notice] 1#1: getrlimit(RLIMIT_NOFILE): 1048576:1048576
2024/06/30 16:42:50 [notice] 1#1: start worker processes
2024/06/30 16:42:50 [notice] 1#1: start worker process 20
2024/06/30 16:42:50 [notice] 1#1: start worker process 21
2024/06/30 16:42:50 [notice] 1#1: start worker process 22
2024/06/30 16:42:50 [notice] 1#1: start worker process 23
2024/06/30 16:42:50 [notice] 1#1: start worker process 24
2024/06/30 16:42:50 [notice] 1#1: start worker process 25
2024/06/30 16:42:50 [notice] 1#1: start worker process 26
2024/06/30 16:42:50 [notice] 1#1: start worker process 27
2024/06/30 16:45:14 [notice] 1#1: signal 3 (SIGQUIT) received, shutting down
2024/06/30 16:45:14 [notice] 21#21: gracefully shutting down
2024/06/30 16:45:14 [notice] 20#20: gracefully shutting down
2024/06/30 16:45:14 [notice] 25#25: gracefully shutting down
2024/06/30 16:45:14 [notice] 21#21: exiting
2024/06/30 16:45:14 [notice] 22#22: gracefully shutting down
2024/06/30 16:45:14 [notice] 20#20: exiting
2024/06/30 16:45:14 [notice] 25#25: exiting
2024/06/30 16:45:14 [notice] 22#22: exiting
2024/06/30 16:45:14 [notice] 24#24: gracefully shutting down
2024/06/30 16:45:14 [notice] 24#24: exiting
2024/06/30 16:45:14 [notice] 21#21: exit
2024/06/30 16:45:14 [notice] 25#25: exit
2024/06/30 16:45:14 [notice] 20#20: exit
2024/06/30 16:45:14 [notice] 22#22: exit
2024/06/30 16:45:14 [notice] 24#24: exit
2024/06/30 16:45:14 [notice] 26#26: gracefully shutting down
2024/06/30 16:45:14 [notice] 26#26: exiting
2024/06/30 16:45:14 [notice] 26#26: exit
2024/06/30 16:45:14 [notice] 23#23: gracefully shutting down
2024/06/30 16:45:14 [notice] 23#23: exiting
2024/06/30 16:45:14 [notice] 27#27: gracefully shutting down
2024/06/30 16:45:14 [notice] 27#27: exiting
2024/06/30 16:45:14 [notice] 23#23: exit
2024/06/30 16:45:14 [notice] 27#27: exit
2024/06/30 16:45:14 [notice] 1#1: signal 17 (SIGCHLD) received from 20
2024/06/30 16:45:14 [notice] 1#1: worker process 20 exited with code 0
2024/06/30 16:45:14 [notice] 1#1: signal 29 (SIGIO) received
2024/06/30 16:45:14 [notice] 1#1: signal 17 (SIGCHLD) received from 25
2024/06/30 16:45:14 [notice] 1#1: worker process 25 exited with code 0
2024/06/30 16:45:14 [notice] 1#1: worker process 27 exited with code 0
2024/06/30 16:45:14 [notice] 1#1: signal 29 (SIGIO) received
2024/06/30 16:45:14 [notice] 1#1: signal 17 (SIGCHLD) received from 24
2024/06/30 16:45:14 [notice] 1#1: worker process 22 exited with code 0
2024/06/30 16:45:14 [notice] 1#1: worker process 23 exited with code 0
2024/06/30 16:45:14 [notice] 1#1: worker process 24 exited with code 0
2024/06/30 16:45:14 [notice] 1#1: worker process 26 exited with code 0
2024/06/30 16:45:14 [notice] 1#1: signal 29 (SIGIO) received
2024/06/30 16:45:14 [notice] 1#1: signal 17 (SIGCHLD) received from 23
2024/06/30 16:45:14 [notice] 1#1: signal 17 (SIGCHLD) received from 21
2024/06/30 16:45:14 [notice] 1#1: worker process 21 exited with code 0
2024/06/30 16:45:14 [notice] 1#1: exit
2024/06/30 16:45:19 [notice] 1#1: using the "epoll" event method
2024/06/30 16:45:19 [notice] 1#1: nginx/1.27.0
2024/06/30 16:45:19 [notice] 1#1: built by gcc 13.2.1 20231014 (Alpine 13.2.1_git20231014) 
2024/06/30 16:45:19 [notice] 1#1: OS: Linux 6.5.0-1024-oem
2024/06/30 16:45:19 [notice] 1#1: getrlimit(RLIMIT_NOFILE): 1048576:1048576
2024/06/30 16:45:19 [notice] 1#1: start worker processes
2024/06/30 16:45:19 [notice] 1#1: start worker process 20
2024/06/30 16:45:19 [notice] 1#1: start worker process 21
2024/06/30 16:45:19 [notice] 1#1: start worker process 22
2024/06/30 16:45:19 [notice] 1#1: start worker process 23
2024/06/30 16:45:19 [notice] 1#1: start worker process 24
2024/06/30 16:45:19 [notice] 1#1: start worker process 25
2024/06/30 16:45:19 [notice] 1#1: start worker process 26
2024/06/30 16:45:19 [notice] 1#1: start worker process 27
2024/06/30 16:57:35 [notice] 1#1: signal 3 (SIGQUIT) received, shutting down
2024/06/30 16:57:35 [notice] 22#22: gracefully shutting down
2024/06/30 16:57:35 [notice] 23#23: gracefully shutting down
2024/06/30 16:57:35 [notice] 22#22: exiting
2024/06/30 16:57:35 [notice] 25#25: gracefully shutting down
2024/06/30 16:57:35 [notice] 26#26: gracefully shutting down
2024/06/30 16:57:35 [notice] 23#23: exiting
2024/06/30 16:57:35 [notice] 25#25: exiting
2024/06/30 16:57:35 [notice] 26#26: exiting
2024/06/30 16:57:35 [notice] 22#22: exit
2024/06/30 16:57:35 [notice] 25#25: exit
2024/06/30 16:57:35 [notice] 26#26: exit
2024/06/30 16:57:35 [notice] 23#23: exit
2024/06/30 16:57:35 [notice] 20#20: gracefully shutting down
2024/06/30 16:57:35 [notice] 20#20: exiting
2024/06/30 16:57:35 [notice] 27#27: gracefully shutting down
2024/06/30 16:57:35 [notice] 27#27: exiting
2024/06/30 16:57:35 [notice] 20#20: exit
2024/06/30 16:57:35 [notice] 27#27: exit
2024/06/30 16:57:35 [notice] 24#24: gracefully shutting down
2024/06/30 16:57:35 [notice] 21#21: gracefully shutting down
2024/06/30 16:57:35 [notice] 24#24: exiting
2024/06/30 16:57:35 [notice] 21#21: exiting
2024/06/30 16:57:35 [notice] 24#24: exit
2024/06/30 16:57:35 [notice] 21#21: exit
2024/06/30 16:57:35 [notice] 1#1: signal 17 (SIGCHLD) received from 20
2024/06/30 16:57:35 [notice] 1#1: worker process 20 exited with code 0
2024/06/30 16:57:35 [notice] 1#1: signal 29 (SIGIO) received
2024/06/30 16:57:35 [notice] 1#1: signal 17 (SIGCHLD) received from 25
2024/06/30 16:57:35 [notice] 1#1: worker process 25 exited with code 0
2024/06/30 16:57:35 [notice] 1#1: worker process 26 exited with code 0
2024/06/30 16:57:35 [notice] 1#1: signal 29 (SIGIO) received
2024/06/30 16:57:35 [notice] 1#1: signal 17 (SIGCHLD) received from 24
2024/06/30 16:57:35 [notice] 1#1: worker process 24 exited with code 0
2024/06/30 16:57:35 [notice] 1#1: worker process 27 exited with code 0
2024/06/30 16:57:35 [notice] 1#1: signal 29 (SIGIO) received
2024/06/30 16:57:35 [notice] 1#1: signal 17 (SIGCHLD) received from 27
2024/06/30 16:57:35 [notice] 1#1: signal 17 (SIGCHLD) received from 21
2024/06/30 16:57:35 [notice] 1#1: worker process 21 exited with code 0
2024/06/30 16:57:35 [notice] 1#1: signal 29 (SIGIO) received
2024/06/30 16:57:35 [notice] 1#1: signal 17 (SIGCHLD) received from 22
2024/06/30 16:57:35 [notice] 1#1: worker process 22 exited with code 0
2024/06/30 16:57:35 [notice] 1#1: signal 17 (SIGCHLD) received from 23
2024/06/30 16:57:35 [notice] 1#1: worker process 23 exited with code 0
2024/06/30 16:57:35 [notice] 1#1: exit
2024/06/30 16:58:15 [notice] 1#1: using the "epoll" event method
2024/06/30 16:58:15 [notice] 1#1: nginx/1.27.0
2024/06/30 16:58:15 [notice] 1#1: built by gcc 13.2.1 20231014 (Alpine 13.2.1_git20231014) 
2024/06/30 16:58:15 [notice] 1#1: OS: Linux 6.5.0-1024-oem
2024/06/30 16:58:15 [notice] 1#1: getrlimit(RLIMIT_NOFILE): 1048576:1048576
2024/06/30 16:58:15 [notice] 1#1: start worker processes
2024/06/30 16:58:15 [notice] 1#1: start worker process 20
2024/06/30 16:58:15 [notice] 1#1: start worker process 21
2024/06/30 16:58:15 [notice] 1#1: start worker process 22
2024/06/30 16:58:15 [notice] 1#1: start worker process 23
2024/06/30 16:58:15 [notice] 1#1: start worker process 24
2024/06/30 16:58:15 [notice] 1#1: start worker process 25
2024/06/30 16:58:15 [notice] 1#1: start worker process 26
2024/06/30 16:58:15 [notice] 1#1: start worker process 27
2024/07/01 12:00:43 [notice] 1#1: using the "epoll" event method
2024/07/01 12:00:43 [notice] 1#1: nginx/1.27.0
2024/07/01 12:00:43 [notice] 1#1: built by gcc 13.2.1 20231014 (Alpine 13.2.1_git20231014) 
2024/07/01 12:00:43 [notice] 1#1: OS: Linux 6.5.0-1024-oem
2024/07/01 12:00:43 [notice] 1#1: getrlimit(RLIMIT_NOFILE): 1024:524288
2024/07/01 12:00:43 [notice] 1#1: start worker processes
2024/07/01 12:00:43 [notice] 1#1: start worker process 21
2024/07/01 12:00:43 [notice] 1#1: start worker process 22
2024/07/01 12:00:43 [notice] 1#1: start worker process 23
2024/07/01 12:00:43 [notice] 1#1: start worker process 24
2024/07/01 12:00:43 [notice] 1#1: start worker process 25
2024/07/01 12:00:43 [notice] 1#1: start worker process 26
2024/07/01 12:00:43 [notice] 1#1: start worker process 27
2024/07/01 12:00:43 [notice] 1#1: start worker process 28
2024/07/04 01:57:03 [notice] 1#1: using the "epoll" event method
2024/07/04 01:57:03 [notice] 1#1: nginx/1.27.0
2024/07/04 01:57:03 [notice] 1#1: built by gcc 13.2.1 20231014 (Alpine 13.2.1_git20231014) 
2024/07/04 01:57:03 [notice] 1#1: OS: Linux 6.5.0-1024-oem
2024/07/04 01:57:03 [notice] 1#1: getrlimit(RLIMIT_NOFILE): 1048576:1048576
2024/07/04 01:57:03 [notice] 1#1: start worker processes
2024/07/04 01:57:03 [notice] 1#1: start worker process 20
2024/07/04 01:57:03 [notice] 1#1: start worker process 21
2024/07/04 01:57:03 [notice] 1#1: start worker process 22
2024/07/04 01:57:03 [notice] 1#1: start worker process 23
2024/07/04 01:57:03 [notice] 1#1: start worker process 24
2024/07/04 01:57:03 [notice] 1#1: start worker process 25
2024/07/04 01:57:03 [notice] 1#1: start worker process 26
2024/07/04 01:57:03 [notice] 1#1: start worker process 27
2024/07/04 02:04:56 [notice] 1#1: signal 3 (SIGQUIT) received, shutting down
2024/07/04 02:04:56 [notice] 20#20: gracefully shutting down
2024/07/04 02:04:56 [notice] 22#22: gracefully shutting down
2024/07/04 02:04:56 [notice] 26#26: gracefully shutting down
2024/07/04 02:04:56 [notice] 23#23: gracefully shutting down
2024/07/04 02:04:56 [notice] 20#20: exiting
2024/07/04 02:04:56 [notice] 22#22: exiting
2024/07/04 02:04:56 [notice] 26#26: exiting
2024/07/04 02:04:56 [notice] 23#23: exiting
2024/07/04 02:04:56 [notice] 26#26: exit
2024/07/04 02:04:56 [notice] 20#20: exit
2024/07/04 02:04:56 [notice] 23#23: exit
2024/07/04 02:04:56 [notice] 22#22: exit
2024/07/04 02:04:56 [notice] 21#21: gracefully shutting down
2024/07/04 02:04:56 [notice] 21#21: exiting
2024/07/04 02:04:56 [notice] 21#21: exit
2024/07/04 02:04:56 [notice] 25#25: gracefully shutting down
2024/07/04 02:04:56 [notice] 25#25: exiting
2024/07/04 02:04:56 [notice] 25#25: exit
2024/07/04 02:04:56 [notice] 27#27: gracefully shutting down
2024/07/04 02:04:56 [notice] 27#27: exiting
2024/07/04 02:04:56 [notice] 24#24: gracefully shutting down
2024/07/04 02:04:56 [notice] 24#24: exiting
2024/07/04 02:04:56 [notice] 27#27: exit
2024/07/04 02:04:56 [notice] 24#24: exit
2024/07/04 02:04:56 [notice] 1#1: signal 17 (SIGCHLD) received from 26
2024/07/04 02:04:56 [notice] 1#1: worker process 26 exited with code 0
2024/07/04 02:04:56 [notice] 1#1: signal 29 (SIGIO) received
2024/07/04 02:04:56 [notice] 1#1: signal 17 (SIGCHLD) received from 27
2024/07/04 02:04:56 [notice] 1#1: worker process 20 exited with code 0
2024/07/04 02:04:56 [notice] 1#1: worker process 27 exited with code 0
2024/07/04 02:04:56 [notice] 1#1: signal 29 (SIGIO) received
2024/07/04 02:04:56 [notice] 1#1: signal 17 (SIGCHLD) received from 22
2024/07/04 02:04:56 [notice] 1#1: worker process 22 exited with code 0
2024/07/04 02:04:56 [notice] 1#1: worker process 24 exited with code 0
2024/07/04 02:04:56 [notice] 1#1: signal 29 (SIGIO) received
2024/07/04 02:04:56 [notice] 1#1: signal 17 (SIGCHLD) received from 24
2024/07/04 02:04:56 [notice] 1#1: signal 17 (SIGCHLD) received from 25
2024/07/04 02:04:56 [notice] 1#1: worker process 25 exited with code 0
2024/07/04 02:04:56 [notice] 1#1: signal 29 (SIGIO) received
2024/07/04 02:04:56 [notice] 1#1: signal 17 (SIGCHLD) received from 23
2024/07/04 02:04:56 [notice] 1#1: worker process 21 exited with code 0
2024/07/04 02:04:56 [notice] 1#1: worker process 23 exited with code 0
2024/07/04 02:04:56 [notice] 1#1: exit
2024/07/04 02:05:24 [notice] 1#1: using the "epoll" event method
2024/07/04 02:05:24 [notice] 1#1: nginx/1.27.0
2024/07/04 02:05:24 [notice] 1#1: built by gcc 13.2.1 20231014 (Alpine 13.2.1_git20231014) 
2024/07/04 02:05:24 [notice] 1#1: OS: Linux 6.5.0-1024-oem
2024/07/04 02:05:24 [notice] 1#1: getrlimit(RLIMIT_NOFILE): 1048576:1048576
2024/07/04 02:05:24 [notice] 1#1: start worker processes
2024/07/04 02:05:24 [notice] 1#1: start worker process 20
2024/07/04 02:05:24 [notice] 1#1: start worker process 21
2024/07/04 02:05:24 [notice] 1#1: start worker process 22
2024/07/04 02:05:24 [notice] 1#1: start worker process 23
2024/07/04 02:05:24 [notice] 1#1: start worker process 24
2024/07/04 02:05:24 [notice] 1#1: start worker process 25
2024/07/04 02:05:24 [notice] 1#1: start worker process 26
2024/07/04 02:05:24 [notice] 1#1: start worker process 27
2024/07/04 02:09:13 [notice] 1#1: signal 3 (SIGQUIT) received, shutting down
2024/07/04 02:09:13 [notice] 23#23: gracefully shutting down
2024/07/04 02:09:13 [notice] 20#20: gracefully shutting down
2024/07/04 02:09:13 [notice] 23#23: exiting
2024/07/04 02:09:13 [notice] 20#20: exiting
2024/07/04 02:09:13 [notice] 21#21: gracefully shutting down
2024/07/04 02:09:13 [notice] 22#22: gracefully shutting down
2024/07/04 02:09:13 [notice] 21#21: exiting
2024/07/04 02:09:13 [notice] 22#22: exiting
2024/07/04 02:09:13 [notice] 20#20: exit
2024/07/04 02:09:13 [notice] 23#23: exit
2024/07/04 02:09:13 [notice] 22#22: exit
2024/07/04 02:09:13 [notice] 21#21: exit
2024/07/04 02:09:13 [notice] 24#24: gracefully shutting down
2024/07/04 02:09:13 [notice] 24#24: exiting
2024/07/04 02:09:13 [notice] 25#25: gracefully shutting down
2024/07/04 02:09:13 [notice] 25#25: exiting
2024/07/04 02:09:13 [notice] 24#24: exit
2024/07/04 02:09:13 [notice] 25#25: exit
2024/07/04 02:09:13 [notice] 26#26: gracefully shutting down
2024/07/04 02:09:13 [notice] 26#26: exiting
2024/07/04 02:09:13 [notice] 27#27: gracefully shutting down
2024/07/04 02:09:13 [notice] 27#27: exiting
2024/07/04 02:09:13 [notice] 26#26: exit
2024/07/04 02:09:13 [notice] 27#27: exit
2024/07/04 02:09:13 [notice] 1#1: signal 17 (SIGCHLD) received from 21
2024/07/04 02:09:13 [notice] 1#1: worker process 21 exited with code 0
2024/07/04 02:09:13 [notice] 1#1: worker process 27 exited with code 0
2024/07/04 02:09:13 [notice] 1#1: signal 29 (SIGIO) received
2024/07/04 02:09:13 [notice] 1#1: signal 17 (SIGCHLD) received from 27
2024/07/04 02:09:13 [notice] 1#1: signal 17 (SIGCHLD) received from 23
2024/07/04 02:09:13 [notice] 1#1: worker process 23 exited with code 0
2024/07/04 02:09:13 [notice] 1#1: signal 29 (SIGIO) received
2024/07/04 02:09:13 [notice] 1#1: signal 17 (SIGCHLD) received from 25
2024/07/04 02:09:13 [notice] 1#1: worker process 25 exited with code 0
2024/07/04 02:09:13 [notice] 1#1: signal 29 (SIGIO) received
2024/07/04 02:09:13 [notice] 1#1: signal 17 (SIGCHLD) received from 22
2024/07/04 02:09:13 [notice] 1#1: worker process 22 exited with code 0
2024/07/04 02:09:13 [notice] 1#1: signal 29 (SIGIO) received
2024/07/04 02:09:13 [notice] 1#1: signal 17 (SIGCHLD) received from 26
2024/07/04 02:09:13 [notice] 1#1: worker process 26 exited with code 0
2024/07/04 02:09:13 [notice] 1#1: worker process 24 exited with code 0
2024/07/04 02:09:13 [notice] 1#1: worker process 20 exited with code 0
2024/07/04 02:09:13 [notice] 1#1: exit
2024/07/04 02:09:21 [notice] 1#1: using the "epoll" event method
2024/07/04 02:09:21 [notice] 1#1: nginx/1.27.0
2024/07/04 02:09:21 [notice] 1#1: built by gcc 13.2.1 20231014 (Alpine 13.2.1_git20231014) 
2024/07/04 02:09:21 [notice] 1#1: OS: Linux 6.5.0-1024-oem
2024/07/04 02:09:21 [notice] 1#1: getrlimit(RLIMIT_NOFILE): 1048576:1048576
2024/07/04 02:09:21 [notice] 1#1: start worker processes
2024/07/04 02:09:21 [notice] 1#1: start worker process 20
2024/07/04 02:09:21 [notice] 1#1: start worker process 21
2024/07/04 02:09:21 [notice] 1#1: start worker process 22
2024/07/04 02:09:21 [notice] 1#1: start worker process 23
2024/07/04 02:09:21 [notice] 1#1: start worker process 24
2024/07/04 02:09:21 [notice] 1#1: start worker process 25
2024/07/04 02:09:21 [notice] 1#1: start worker process 26
2024/07/04 02:09:21 [notice] 1#1: start worker process 27
2024/07/04 02:12:10 [notice] 1#1: signal 3 (SIGQUIT) received, shutting down
2024/07/04 02:12:10 [notice] 20#20: gracefully shutting down
2024/07/04 02:12:10 [notice] 21#21: gracefully shutting down
2024/07/04 02:12:10 [notice] 22#22: gracefully shutting down
2024/07/04 02:12:10 [notice] 24#24: gracefully shutting down
2024/07/04 02:12:10 [notice] 20#20: exiting
2024/07/04 02:12:10 [notice] 21#21: exiting
2024/07/04 02:12:10 [notice] 22#22: exiting
2024/07/04 02:12:10 [notice] 24#24: exiting
2024/07/04 02:12:10 [notice] 25#25: gracefully shutting down
2024/07/04 02:12:10 [notice] 25#25: exiting
2024/07/04 02:12:10 [notice] 24#24: exit
2024/07/04 02:12:10 [notice] 22#22: exit
2024/07/04 02:12:10 [notice] 21#21: exit
2024/07/04 02:12:10 [notice] 20#20: exit
2024/07/04 02:12:10 [notice] 25#25: exit
2024/07/04 02:12:10 [notice] 27#27: gracefully shutting down
2024/07/04 02:12:10 [notice] 27#27: exiting
2024/07/04 02:12:10 [notice] 27#27: exit
2024/07/04 02:12:10 [notice] 26#26: gracefully shutting down
2024/07/04 02:12:10 [notice] 23#23: gracefully shutting down
2024/07/04 02:12:10 [notice] 26#26: exiting
2024/07/04 02:12:10 [notice] 23#23: exiting
2024/07/04 02:12:10 [notice] 26#26: exit
2024/07/04 02:12:10 [notice] 23#23: exit
2024/07/04 02:12:10 [notice] 1#1: signal 17 (SIGCHLD) received from 26
2024/07/04 02:12:10 [notice] 1#1: worker process 22 exited with code 0
2024/07/04 02:12:10 [notice] 1#1: worker process 26 exited with code 0
2024/07/04 02:12:10 [notice] 1#1: signal 29 (SIGIO) received
2024/07/04 02:12:10 [notice] 1#1: signal 17 (SIGCHLD) received from 27
2024/07/04 02:12:10 [notice] 1#1: worker process 27 exited with code 0
2024/07/04 02:12:10 [notice] 1#1: signal 29 (SIGIO) received
2024/07/04 02:12:10 [notice] 1#1: signal 17 (SIGCHLD) received from 20
2024/07/04 02:12:10 [notice] 1#1: worker process 20 exited with code 0
2024/07/04 02:12:10 [notice] 1#1: signal 29 (SIGIO) received
2024/07/04 02:12:10 [notice] 1#1: signal 17 (SIGCHLD) received from 24
2024/07/04 02:12:10 [notice] 1#1: worker process 21 exited with code 0
2024/07/04 02:12:10 [notice] 1#1: worker process 23 exited with code 0
2024/07/04 02:12:10 [notice] 1#1: worker process 24 exited with code 0
2024/07/04 02:12:10 [notice] 1#1: signal 29 (SIGIO) received
2024/07/04 02:12:10 [notice] 1#1: signal 17 (SIGCHLD) received from 25
2024/07/04 02:12:10 [notice] 1#1: worker process 25 exited with code 0
2024/07/04 02:12:10 [notice] 1#1: exit
2024/07/04 02:12:22 [notice] 1#1: using the "epoll" event method
2024/07/04 02:12:22 [notice] 1#1: nginx/1.27.0
2024/07/04 02:12:22 [notice] 1#1: built by gcc 13.2.1 20231014 (Alpine 13.2.1_git20231014) 
2024/07/04 02:12:22 [notice] 1#1: OS: Linux 6.5.0-1024-oem
2024/07/04 02:12:22 [notice] 1#1: getrlimit(RLIMIT_NOFILE): 1048576:1048576
2024/07/04 02:12:22 [notice] 1#1: start worker processes
2024/07/04 02:12:22 [notice] 1#1: start worker process 20
2024/07/04 02:12:22 [notice] 1#1: start worker process 21
2024/07/04 02:12:22 [notice] 1#1: start worker process 22
2024/07/04 02:12:22 [notice] 1#1: start worker process 23
2024/07/04 02:12:22 [notice] 1#1: start worker process 24
2024/07/04 02:12:22 [notice] 1#1: start worker process 25
2024/07/04 02:12:22 [notice] 1#1: start worker process 26
2024/07/04 02:12:22 [notice] 1#1: start worker process 27
2024/07/04 10:18:07 [notice] 1#1: signal 3 (SIGQUIT) received, shutting down
2024/07/04 10:18:07 [notice] 22#22: gracefully shutting down
2024/07/04 10:18:07 [notice] 23#23: gracefully shutting down
2024/07/04 10:18:07 [notice] 24#24: gracefully shutting down
2024/07/04 10:18:07 [notice] 22#22: exiting
2024/07/04 10:18:07 [notice] 23#23: exiting
2024/07/04 10:18:07 [notice] 24#24: exiting
2024/07/04 10:18:07 [notice] 23#23: exit
2024/07/04 10:18:07 [notice] 22#22: exit
2024/07/04 10:18:07 [notice] 24#24: exit
2024/07/04 10:18:07 [notice] 20#20: gracefully shutting down
2024/07/04 10:18:07 [notice] 27#27: gracefully shutting down
2024/07/04 10:18:07 [notice] 20#20: exiting
2024/07/04 10:18:07 [notice] 27#27: exiting
2024/07/04 10:18:07 [notice] 27#27: exit
2024/07/04 10:18:07 [notice] 20#20: exit
2024/07/04 10:18:07 [notice] 21#21: gracefully shutting down
2024/07/04 10:18:07 [notice] 21#21: exiting
2024/07/04 10:18:07 [notice] 21#21: exit
2024/07/04 10:18:07 [notice] 25#25: gracefully shutting down
2024/07/04 10:18:07 [notice] 25#25: exiting
2024/07/04 10:18:07 [notice] 25#25: exit
2024/07/04 10:18:07 [notice] 26#26: gracefully shutting down
2024/07/04 10:18:07 [notice] 26#26: exiting
2024/07/04 10:18:07 [notice] 26#26: exit
2024/07/04 10:18:07 [notice] 1#1: signal 17 (SIGCHLD) received from 27
2024/07/04 10:18:07 [notice] 1#1: worker process 27 exited with code 0
2024/07/04 10:18:07 [notice] 1#1: signal 29 (SIGIO) received
2024/07/04 10:18:08 [notice] 1#1: signal 17 (SIGCHLD) received from 26
2024/07/04 10:18:08 [notice] 1#1: worker process 26 exited with code 0
2024/07/04 10:18:08 [notice] 1#1: signal 29 (SIGIO) received
2024/07/04 10:18:08 [notice] 1#1: signal 17 (SIGCHLD) received from 20
2024/07/04 10:18:08 [notice] 1#1: worker process 20 exited with code 0
2024/07/04 10:18:08 [notice] 1#1: worker process 21 exited with code 0
2024/07/04 10:18:08 [notice] 1#1: worker process 24 exited with code 0
2024/07/04 10:18:08 [notice] 1#1: signal 29 (SIGIO) received
2024/07/04 10:18:08 [notice] 1#1: signal 17 (SIGCHLD) received from 25
2024/07/04 10:18:08 [notice] 1#1: worker process 23 exited with code 0
2024/07/04 10:18:08 [notice] 1#1: worker process 25 exited with code 0
2024/07/04 10:18:08 [notice] 1#1: signal 29 (SIGIO) received
2024/07/04 10:18:08 [notice] 1#1: signal 17 (SIGCHLD) received from 22
2024/07/04 10:18:08 [notice] 1#1: worker process 22 exited with code 0
2024/07/04 10:18:08 [notice] 1#1: exit
2024/07/04 10:20:40 [notice] 1#1: using the "epoll" event method
2024/07/04 10:20:40 [notice] 1#1: nginx/1.27.0
2024/07/04 10:20:40 [notice] 1#1: built by gcc 13.2.1 20231014 (Alpine 13.2.1_git20231014) 
2024/07/04 10:20:40 [notice] 1#1: OS: Linux 6.5.0-1025-oem
2024/07/04 10:20:40 [notice] 1#1: getrlimit(RLIMIT_NOFILE): 1048576:1048576
2024/07/04 10:20:40 [notice] 1#1: start worker processes
2024/07/04 10:20:40 [notice] 1#1: start worker process 19
2024/07/04 10:20:40 [notice] 1#1: start worker process 20
2024/07/04 10:20:40 [notice] 1#1: start worker process 21
2024/07/04 10:20:40 [notice] 1#1: start worker process 22
2024/07/04 10:20:40 [notice] 1#1: start worker process 23
2024/07/04 10:20:40 [notice] 1#1: start worker process 24
2024/07/04 10:20:40 [notice] 1#1: start worker process 25
2024/07/04 10:20:40 [notice] 1#1: start worker process 26
2024/07/06 00:05:16 [notice] 1#1: signal 3 (SIGQUIT) received, shutting down
2024/07/06 00:05:16 [notice] 19#19: gracefully shutting down
2024/07/06 00:05:16 [notice] 23#23: gracefully shutting down
2024/07/06 00:05:16 [notice] 20#20: gracefully shutting down
2024/07/06 00:05:16 [notice] 19#19: exiting
2024/07/06 00:05:16 [notice] 23#23: exiting
2024/07/06 00:05:16 [notice] 20#20: exiting
2024/07/06 00:05:16 [notice] 21#21: gracefully shutting down
2024/07/06 00:05:16 [notice] 21#21: exiting
2024/07/06 00:05:16 [notice] 22#22: gracefully shutting down
2024/07/06 00:05:16 [notice] 19#19: exit
2024/07/06 00:05:16 [notice] 23#23: exit
2024/07/06 00:05:16 [notice] 20#20: exit
2024/07/06 00:05:16 [notice] 22#22: exiting
2024/07/06 00:05:16 [notice] 21#21: exit
2024/07/06 00:05:16 [notice] 22#22: exit
2024/07/06 00:05:16 [notice] 26#26: gracefully shutting down
2024/07/06 00:05:16 [notice] 26#26: exiting
2024/07/06 00:05:16 [notice] 26#26: exit
2024/07/06 00:05:16 [notice] 25#25: gracefully shutting down
2024/07/06 00:05:16 [notice] 25#25: exiting
2024/07/06 00:05:16 [notice] 24#24: gracefully shutting down
2024/07/06 00:05:16 [notice] 24#24: exiting
2024/07/06 00:05:16 [notice] 25#25: exit
2024/07/06 00:05:16 [notice] 24#24: exit
2024/07/06 00:05:16 [notice] 1#1: signal 17 (SIGCHLD) received from 21
2024/07/06 00:05:16 [notice] 1#1: worker process 21 exited with code 0
2024/07/06 00:05:16 [notice] 1#1: worker process 20 exited with code 0
2024/07/06 00:05:16 [notice] 1#1: worker process 19 exited with code 0
2024/07/06 00:05:16 [notice] 1#1: worker process 22 exited with code 0
2024/07/06 00:05:16 [notice] 1#1: worker process 25 exited with code 0
2024/07/06 00:05:16 [notice] 1#1: worker process 26 exited with code 0
2024/07/06 00:05:16 [notice] 1#1: signal 29 (SIGIO) received
2024/07/06 00:05:16 [notice] 1#1: signal 17 (SIGCHLD) received from 26
2024/07/06 00:05:16 [notice] 1#1: signal 17 (SIGCHLD) received from 23
2024/07/06 00:05:16 [notice] 1#1: worker process 23 exited with code 0
2024/07/06 00:05:16 [notice] 1#1: signal 29 (SIGIO) received
2024/07/06 00:05:16 [notice] 1#1: signal 17 (SIGCHLD) received from 24
2024/07/06 00:05:16 [notice] 1#1: worker process 24 exited with code 0
2024/07/06 00:05:16 [notice] 1#1: exit
2024/07/06 00:05:20 [notice] 1#1: using the "epoll" event method
2024/07/06 00:05:20 [notice] 1#1: nginx/1.27.0
2024/07/06 00:05:20 [notice] 1#1: built by gcc 13.2.1 20231014 (Alpine 13.2.1_git20231014) 
2024/07/06 00:05:20 [notice] 1#1: OS: Linux 6.5.0-1025-oem
2024/07/06 00:05:20 [notice] 1#1: getrlimit(RLIMIT_NOFILE): 1048576:1048576
2024/07/06 00:05:20 [notice] 1#1: start worker processes
2024/07/06 00:05:20 [notice] 1#1: start worker process 20
2024/07/06 00:05:20 [notice] 1#1: start worker process 21
2024/07/06 00:05:20 [notice] 1#1: start worker process 22
2024/07/06 00:05:20 [notice] 1#1: start worker process 23
2024/07/06 00:05:20 [notice] 1#1: start worker process 24
2024/07/06 00:05:20 [notice] 1#1: start worker process 25
2024/07/06 00:05:20 [notice] 1#1: start worker process 26
2024/07/06 00:05:20 [notice] 1#1: start worker process 27
2024/07/06 00:05:56 [notice] 1#1: signal 3 (SIGQUIT) received, shutting down
2024/07/06 00:05:56 [notice] 21#21: gracefully shutting down
2024/07/06 00:05:56 [notice] 21#21: exiting
2024/07/06 00:05:56 [notice] 24#24: gracefully shutting down
2024/07/06 00:05:56 [notice] 27#27: gracefully shutting down
2024/07/06 00:05:56 [notice] 26#26: gracefully shutting down
2024/07/06 00:05:56 [notice] 24#24: exiting
2024/07/06 00:05:56 [notice] 27#27: exiting
2024/07/06 00:05:56 [notice] 26#26: exiting
2024/07/06 00:05:56 [notice] 21#21: exit
2024/07/06 00:05:56 [notice] 24#24: exit
2024/07/06 00:05:56 [notice] 27#27: exit
2024/07/06 00:05:56 [notice] 26#26: exit
2024/07/06 00:05:56 [notice] 20#20: gracefully shutting down
2024/07/06 00:05:56 [notice] 20#20: exiting
2024/07/06 00:05:56 [notice] 25#25: gracefully shutting down
2024/07/06 00:05:56 [notice] 20#20: exit
2024/07/06 00:05:56 [notice] 25#25: exiting
2024/07/06 00:05:56 [notice] 25#25: exit
2024/07/06 00:05:56 [notice] 22#22: gracefully shutting down
2024/07/06 00:05:56 [notice] 22#22: exiting
2024/07/06 00:05:56 [notice] 22#22: exit
2024/07/06 00:05:56 [notice] 23#23: gracefully shutting down
2024/07/06 00:05:56 [notice] 23#23: exiting
2024/07/06 00:05:56 [notice] 23#23: exit
2024/07/06 00:05:56 [notice] 1#1: signal 17 (SIGCHLD) received from 21
2024/07/06 00:05:56 [notice] 1#1: worker process 21 exited with code 0
2024/07/06 00:05:56 [notice] 1#1: signal 29 (SIGIO) received
2024/07/06 00:05:56 [notice] 1#1: signal 17 (SIGCHLD) received from 26
2024/07/06 00:05:56 [notice] 1#1: worker process 25 exited with code 0
2024/07/06 00:05:56 [notice] 1#1: worker process 26 exited with code 0
2024/07/06 00:05:56 [notice] 1#1: signal 29 (SIGIO) received
2024/07/06 00:05:56 [notice] 1#1: signal 17 (SIGCHLD) received from 25
2024/07/06 00:05:56 [notice] 1#1: signal 17 (SIGCHLD) received from 20
2024/07/06 00:05:56 [notice] 1#1: worker process 20 exited with code 0
2024/07/06 00:05:56 [notice] 1#1: signal 29 (SIGIO) received
2024/07/06 00:05:56 [notice] 1#1: signal 17 (SIGCHLD) received from 24
2024/07/06 00:05:56 [notice] 1#1: worker process 23 exited with code 0
2024/07/06 00:05:56 [notice] 1#1: worker process 24 exited with code 0
2024/07/06 00:05:56 [notice] 1#1: signal 29 (SIGIO) received
2024/07/06 00:05:56 [notice] 1#1: signal 17 (SIGCHLD) received from 23
2024/07/06 00:05:56 [notice] 1#1: signal 17 (SIGCHLD) received from 27
2024/07/06 00:05:56 [notice] 1#1: worker process 27 exited with code 0
2024/07/06 00:05:56 [notice] 1#1: signal 29 (SIGIO) received
2024/07/06 00:05:56 [notice] 1#1: signal 17 (SIGCHLD) received from 22
2024/07/06 00:05:56 [notice] 1#1: worker process 22 exited with code 0
2024/07/06 00:05:56 [notice] 1#1: exit
2024/07/06 10:14:56 [notice] 1#1: using the "epoll" event method
2024/07/06 10:14:56 [notice] 1#1: nginx/1.27.0
2024/07/06 10:14:56 [notice] 1#1: built by gcc 13.2.1 20231014 (Alpine 13.2.1_git20231014) 
2024/07/06 10:14:56 [notice] 1#1: OS: Linux 6.5.0-1025-oem
2024/07/06 10:14:56 [notice] 1#1: getrlimit(RLIMIT_NOFILE): 1048576:1048576
2024/07/06 10:14:56 [notice] 1#1: start worker processes
2024/07/06 10:14:56 [notice] 1#1: start worker process 20
2024/07/06 10:14:56 [notice] 1#1: start worker process 21
2024/07/06 10:14:56 [notice] 1#1: start worker process 22
2024/07/06 10:14:56 [notice] 1#1: start worker process 23
2024/07/06 10:14:56 [notice] 1#1: start worker process 24
2024/07/06 10:14:56 [notice] 1#1: start worker process 25
2024/07/06 10:14:56 [notice] 1#1: start worker process 26
2024/07/06 10:14:56 [notice] 1#1: start worker process 27
2024/07/06 10:16:43 [notice] 1#1: signal 3 (SIGQUIT) received, shutting down
2024/07/06 10:16:43 [notice] 20#20: gracefully shutting down
2024/07/06 10:16:43 [notice] 24#24: gracefully shutting down
2024/07/06 10:16:43 [notice] 20#20: exiting
2024/07/06 10:16:43 [notice] 24#24: exiting
2024/07/06 10:16:43 [notice] 27#27: gracefully shutting down
2024/07/06 10:16:43 [notice] 27#27: exiting
2024/07/06 10:16:43 [notice] 24#24: exit
2024/07/06 10:16:43 [notice] 20#20: exit
2024/07/06 10:16:43 [notice] 27#27: exit
2024/07/06 10:16:43 [notice] 22#22: gracefully shutting down
2024/07/06 10:16:43 [notice] 22#22: exiting
2024/07/06 10:16:43 [notice] 22#22: exit
2024/07/06 10:16:43 [notice] 21#21: gracefully shutting down
2024/07/06 10:16:43 [notice] 21#21: exiting
2024/07/06 10:16:43 [notice] 21#21: exit
2024/07/06 10:16:43 [notice] 25#25: gracefully shutting down
2024/07/06 10:16:43 [notice] 25#25: exiting
2024/07/06 10:16:43 [notice] 25#25: exit
2024/07/06 10:16:43 [notice] 23#23: gracefully shutting down
2024/07/06 10:16:43 [notice] 23#23: exiting
2024/07/06 10:16:43 [notice] 23#23: exit
2024/07/06 10:16:43 [notice] 26#26: gracefully shutting down
2024/07/06 10:16:43 [notice] 26#26: exiting
2024/07/06 10:16:43 [notice] 26#26: exit
2024/07/06 10:16:43 [notice] 1#1: signal 17 (SIGCHLD) received from 23
2024/07/06 10:16:43 [notice] 1#1: worker process 23 exited with code 0
2024/07/06 10:16:43 [notice] 1#1: signal 29 (SIGIO) received
2024/07/06 10:16:43 [notice] 1#1: signal 17 (SIGCHLD) received from 21
2024/07/06 10:16:43 [notice] 1#1: worker process 21 exited with code 0
2024/07/06 10:16:43 [notice] 1#1: worker process 25 exited with code 0
2024/07/06 10:16:43 [notice] 1#1: worker process 27 exited with code 0
2024/07/06 10:16:43 [notice] 1#1: signal 29 (SIGIO) received
2024/07/06 10:16:43 [notice] 1#1: signal 17 (SIGCHLD) received from 25
2024/07/06 10:16:43 [notice] 1#1: signal 17 (SIGCHLD) received from 22
2024/07/06 10:16:43 [notice] 1#1: worker process 22 exited with code 0
2024/07/06 10:16:43 [notice] 1#1: worker process 26 exited with code 0
2024/07/06 10:16:43 [notice] 1#1: signal 29 (SIGIO) received
2024/07/06 10:16:43 [notice] 1#1: signal 17 (SIGCHLD) received from 20
2024/07/06 10:16:43 [notice] 1#1: worker process 20 exited with code 0
2024/07/06 10:16:43 [notice] 1#1: worker process 24 exited with code 0
2024/07/06 10:16:43 [notice] 1#1: exit
2024/07/06 10:16:53 [notice] 1#1: using the "epoll" event method
2024/07/06 10:16:53 [notice] 1#1: nginx/1.27.0
2024/07/06 10:16:53 [notice] 1#1: built by gcc 13.2.1 20231014 (Alpine 13.2.1_git20231014) 
2024/07/06 10:16:53 [notice] 1#1: OS: Linux 6.5.0-1025-oem
2024/07/06 10:16:53 [notice] 1#1: getrlimit(RLIMIT_NOFILE): 1048576:1048576
2024/07/06 10:16:53 [notice] 1#1: start worker processes
2024/07/06 10:16:53 [notice] 1#1: start worker process 20
2024/07/06 10:16:53 [notice] 1#1: start worker process 21
2024/07/06 10:16:53 [notice] 1#1: start worker process 22
2024/07/06 10:16:53 [notice] 1#1: start worker process 23
2024/07/06 10:16:53 [notice] 1#1: start worker process 24
2024/07/06 10:16:53 [notice] 1#1: start worker process 25
2024/07/06 10:16:53 [notice] 1#1: start worker process 26
2024/07/06 10:16:53 [notice] 1#1: start worker process 27
2024/07/06 10:17:47 [notice] 1#1: signal 3 (SIGQUIT) received, shutting down
2024/07/06 10:17:47 [notice] 22#22: gracefully shutting down
2024/07/06 10:17:47 [notice] 20#20: gracefully shutting down
2024/07/06 10:17:47 [notice] 21#21: gracefully shutting down
2024/07/06 10:17:47 [notice] 22#22: exiting
2024/07/06 10:17:47 [notice] 21#21: exiting
2024/07/06 10:17:47 [notice] 20#20: exiting
2024/07/06 10:17:47 [notice] 22#22: exit
2024/07/06 10:17:47 [notice] 20#20: exit
2024/07/06 10:17:47 [notice] 21#21: exit
2024/07/06 10:17:47 [notice] 23#23: gracefully shutting down
2024/07/06 10:17:47 [notice] 24#24: gracefully shutting down
2024/07/06 10:17:47 [notice] 23#23: exiting
2024/07/06 10:17:47 [notice] 24#24: exiting
2024/07/06 10:17:47 [notice] 23#23: exit
2024/07/06 10:17:47 [notice] 24#24: exit
2024/07/06 10:17:47 [notice] 25#25: gracefully shutting down
2024/07/06 10:17:47 [notice] 25#25: exiting
2024/07/06 10:17:47 [notice] 25#25: exit
2024/07/06 10:17:47 [notice] 26#26: gracefully shutting down
2024/07/06 10:17:47 [notice] 26#26: exiting
2024/07/06 10:17:47 [notice] 26#26: exit
2024/07/06 10:17:47 [notice] 27#27: gracefully shutting down
2024/07/06 10:17:47 [notice] 27#27: exiting
2024/07/06 10:17:47 [notice] 27#27: exit
2024/07/06 10:17:47 [notice] 1#1: signal 17 (SIGCHLD) received from 21
2024/07/06 10:17:47 [notice] 1#1: worker process 21 exited with code 0
2024/07/06 10:17:47 [notice] 1#1: signal 29 (SIGIO) received
2024/07/06 10:17:47 [notice] 1#1: signal 17 (SIGCHLD) received from 26
2024/07/06 10:17:47 [notice] 1#1: worker process 26 exited with code 0
2024/07/06 10:17:47 [notice] 1#1: signal 17 (SIGCHLD) received from 22
2024/07/06 10:17:47 [notice] 1#1: worker process 22 exited with code 0
2024/07/06 10:17:47 [notice] 1#1: signal 29 (SIGIO) received
2024/07/06 10:17:47 [notice] 1#1: signal 29 (SIGIO) received
2024/07/06 10:17:47 [notice] 1#1: signal 17 (SIGCHLD) received from 27
2024/07/06 10:17:47 [notice] 1#1: worker process 23 exited with code 0
2024/07/06 10:17:47 [notice] 1#1: worker process 20 exited with code 0
2024/07/06 10:17:47 [notice] 1#1: worker process 24 exited with code 0
2024/07/06 10:17:47 [notice] 1#1: worker process 27 exited with code 0
2024/07/06 10:17:47 [notice] 1#1: signal 29 (SIGIO) received
2024/07/06 10:17:47 [notice] 1#1: signal 17 (SIGCHLD) received from 24
2024/07/06 10:17:47 [notice] 1#1: signal 17 (SIGCHLD) received from 25
2024/07/06 10:17:47 [notice] 1#1: worker process 25 exited with code 0
2024/07/06 10:17:47 [notice] 1#1: exit
2024/07/06 10:17:58 [notice] 1#1: using the "epoll" event method
2024/07/06 10:17:58 [notice] 1#1: nginx/1.27.0
2024/07/06 10:17:58 [notice] 1#1: built by gcc 13.2.1 20231014 (Alpine 13.2.1_git20231014) 
2024/07/06 10:17:58 [notice] 1#1: OS: Linux 6.5.0-1025-oem
2024/07/06 10:17:58 [notice] 1#1: getrlimit(RLIMIT_NOFILE): 1048576:1048576
2024/07/06 10:17:58 [notice] 1#1: start worker processes
2024/07/06 10:17:58 [notice] 1#1: start worker process 20
2024/07/06 10:17:58 [notice] 1#1: start worker process 21
2024/07/06 10:17:58 [notice] 1#1: start worker process 22
2024/07/06 10:17:58 [notice] 1#1: start worker process 23
2024/07/06 10:17:58 [notice] 1#1: start worker process 24
2024/07/06 10:17:58 [notice] 1#1: start worker process 25
2024/07/06 10:17:58 [notice] 1#1: start worker process 26
2024/07/06 10:17:58 [notice] 1#1: start worker process 27
